<?xml version="1.0" encoding="utf-8"?><testsuites name="pytest tests"><testsuite name="pytest" errors="0" failures="0" skipped="0" tests="22" time="24.015" timestamp="2026-06-27T18:59:04.184654+00:00" hostname="agent-env-cb7b26ac-eb81-4a68-821a-e60b679fffa6"><testcase classname="backend.tests.test_grynd_innovation.TestRegression" name="test_root" time="0.272" /><testcase classname="backend.tests.test_grynd_innovation.TestRegression" name="test_login_me" time="0.348" /><testcase classname="backend.tests.test_grynd_innovation.TestRegression" name="test_list_quests" time="0.050" /><testcase classname="backend.tests.test_grynd_innovation.TestRegression" name="test_journals_crud" time="0.138" /><testcase classname="backend.tests.test_grynd_innovation.TestRegression" name="test_leaderboard" time="0.046" /><testcase classname="backend.tests.test_grynd_innovation.TestRegression" name="test_monet_qris" time="0.045" /><testcase classname="backend.tests.test_grynd_innovation.TestComboShield" name="test_shield_default_zero" time="0.280" /><testcase classname="backend.tests.test_grynd_innovation.TestComboShield" name="test_combo_chain" time="0.571" /><testcase classname="backend.tests.test_grynd_innovation.TestAICoach" name="test_coach_requires_auth" time="0.046" /><testcase classname="backend.tests.test_grynd_innovation.TestAICoach" name="test_coach_en" time="8.916" /><testcase classname="backend.tests.test_grynd_innovation.TestAICoach" name="test_coach_id_language" time="5.767" /><testcase classname="backend.tests.test_grynd_innovation.TestAICoach" name="test_ai_accept_persists" time="6.041" /><testcase classname="backend.tests.test_grynd_innovation.TestFriends" name="test_social_me_has_code" time="0.143" /><testcase classname="backend.tests.test_grynd_innovation.TestFriends" name="test_add_friend_flow" time="0.427" /><testcase classname="backend.tests.test_grynd_innovation.TestFriends" name="test_bad_friend_code" time="0.043" /><testcase classname="backend.tests.test_grynd_innovation.TestFriends" name="test_add_self_returns_400" time="0.096" /><testcase classname="backend.tests.test_grynd_innovation.TestFriends" name="test_high_five" time="0.236" /><testcase classname="backend.tests.test_grynd_innovation.TestFriends" name="test_leaderboard_friends" time="0.056" /><testcase classname="backend.tests.test_grynd_innovation.TestPublicProfileOG" name="test_profile_html" time="0.046" /><testcase classname="backend.tests.test_grynd_innovation.TestPublicProfileOG" name="test_profile_404" time="0.044" /><testcase classname="backend.tests.test_grynd_innovation.TestPublicProfileOG" name="test_og_svg" time="0.060" /><testcase classname="backend.tests.test_grynd_innovation.TestPush" name="test_push_register_idempotent" time="0.094" /></testsuite></testsuites>