<?xml version="1.0" encoding="utf-8"?><testsuites name="pytest tests"><testsuite name="pytest" errors="0" failures="0" skipped="0" tests="17" time="1.677" timestamp="2026-06-27T05:12:46.701737+00:00" hostname="agent-env-cd845c93-6f6f-4af1-8c8b-1a87c47b173f"><testcase classname="backend.tests.test_grynd_social_auth.TestRebrand" name="test_root_service_is_grynd" time="0.186" /><testcase classname="backend.tests.test_grynd_social_auth.TestGoogleAuth" name="test_google_invalid_session_returns_401" time="0.152" /><testcase classname="backend.tests.test_grynd_social_auth.TestGoogleAuth" name="test_google_missing_session_id_returns_422" time="0.041" /><testcase classname="backend.tests.test_grynd_social_auth.TestGoogleAuth" name="test_google_too_short_session_id_returns_422" time="0.043" /><testcase classname="backend.tests.test_grynd_social_auth.TestAppleAuth" name="test_apple_success_creates_user" time="0.049" /><testcase classname="backend.tests.test_grynd_social_auth.TestAppleAuth" name="test_apple_second_call_reuses_user" time="0.041" /><testcase classname="backend.tests.test_grynd_social_auth.TestAppleAuth" name="test_apple_seeded_quests" time="0.045" /><testcase classname="backend.tests.test_grynd_social_auth.TestAppleAuth" name="test_apple_me_works_with_returned_token" time="0.042" /><testcase classname="backend.tests.test_grynd_social_auth.TestAppleAuth" name="test_apple_malformed_token_returns_401" time="0.080" /><testcase classname="backend.tests.test_grynd_social_auth.TestAppleAuth" name="test_apple_private_relay_synthesizes_email" time="0.043" /><testcase classname="backend.tests.test_grynd_social_auth.TestRegression" name="test_register_works" time="0.292" /><testcase classname="backend.tests.test_grynd_social_auth.TestRegression" name="test_login_works" time="0.265" /><testcase classname="backend.tests.test_grynd_social_auth.TestRegression" name="test_me_works" time="0.083" /><testcase classname="backend.tests.test_grynd_social_auth.TestRegression" name="test_quests_endpoint" time="0.086" /><testcase classname="backend.tests.test_grynd_social_auth.TestRegression" name="test_journals_endpoint" time="0.045" /><testcase classname="backend.tests.test_grynd_social_auth.TestRegression" name="test_leaderboard_endpoint" time="0.044" /><testcase classname="backend.tests.test_grynd_social_auth.TestRegression" name="test_monetization_qris" time="0.044" /></testsuite></testsuites>