<?xml version="1.0" encoding="utf-8"?><testsuites name="pytest tests"><testsuite name="pytest" errors="0" failures="0" skipped="0" tests="19" time="2.834" timestamp="2026-06-26T18:18:58.917368+00:00" hostname="agent-env-cd845c93-6f6f-4af1-8c8b-1a87c47b173f"><testcase classname="backend.tests.test_cyberchill_api.TestHealth" name="test_root" time="0.186" /><testcase classname="backend.tests.test_cyberchill_api.TestAuth" name="test_register_creates_user_and_seeds_quests" time="0.337" /><testcase classname="backend.tests.test_cyberchill_api.TestAuth" name="test_register_duplicate_email" time="0.089" /><testcase classname="backend.tests.test_cyberchill_api.TestAuth" name="test_login_valid" time="0.279" /><testcase classname="backend.tests.test_cyberchill_api.TestAuth" name="test_login_invalid" time="0.062" /><testcase classname="backend.tests.test_cyberchill_api.TestAuth" name="test_me_with_token" time="0.053" /><testcase classname="backend.tests.test_cyberchill_api.TestAuth" name="test_me_without_token" time="0.055" /><testcase classname="backend.tests.test_cyberchill_api.TestAuth" name="test_patch_me" time="0.054" /><testcase classname="backend.tests.test_cyberchill_api.TestQuests" name="test_list_quests_has_completed_today_flag" time="0.057" /><testcase classname="backend.tests.test_cyberchill_api.TestQuests" name="test_create_and_delete_quest" time="0.219" /><testcase classname="backend.tests.test_cyberchill_api.TestQuests" name="test_complete_quest_awards_xp" time="0.118" /><testcase classname="backend.tests.test_cyberchill_api.TestQuests" name="test_double_complete_blocked" time="0.104" /><testcase classname="backend.tests.test_cyberchill_api.TestQuests" name="test_complete_unknown_quest" time="0.055" /><testcase classname="backend.tests.test_cyberchill_api.TestJournals" name="test_create_list_delete" time="0.156" /><testcase classname="backend.tests.test_cyberchill_api.TestJournals" name="test_journal_max_140_chars" time="0.050" /><testcase classname="backend.tests.test_cyberchill_api.TestLeaderboard" name="test_leaderboard_marks_me" time="0.051" /><testcase classname="backend.tests.test_cyberchill_api.TestMonetization" name="test_qris_payload" time="0.053" /><testcase classname="backend.tests.test_cyberchill_api.TestMonetization" name="test_pro_activate" time="0.327" /><testcase classname="backend.tests.test_cyberchill_api.TestMonetization" name="test_xp_boost_doubles_xp" time="0.433" /></testsuite></testsuites>