<?xml version="1.0" encoding="utf-8"?><testsuites name="pytest tests"><testsuite name="pytest" errors="0" failures="0" skipped="0" tests="36" time="5.038" timestamp="2026-06-27T05:12:53.780110+00:00" hostname="agent-env-cd845c93-6f6f-4af1-8c8b-1a87c47b173f"><testcase classname="backend.tests.test_cyberchill_api.TestHealth" name="test_root" time="0.525" /><testcase classname="backend.tests.test_cyberchill_api.TestAuth" name="test_register_creates_user_and_seeds_quests" time="0.311" /><testcase classname="backend.tests.test_cyberchill_api.TestAuth" name="test_register_duplicate_email" time="0.040" /><testcase classname="backend.tests.test_cyberchill_api.TestAuth" name="test_login_valid" time="0.264" /><testcase classname="backend.tests.test_cyberchill_api.TestAuth" name="test_login_invalid" time="0.083" /><testcase classname="backend.tests.test_cyberchill_api.TestAuth" name="test_me_with_token" time="0.042" /><testcase classname="backend.tests.test_cyberchill_api.TestAuth" name="test_me_without_token" time="0.079" /><testcase classname="backend.tests.test_cyberchill_api.TestAuth" name="test_patch_me" time="0.041" /><testcase classname="backend.tests.test_cyberchill_api.TestQuests" name="test_list_quests_has_completed_today_flag" time="0.043" /><testcase classname="backend.tests.test_cyberchill_api.TestQuests" name="test_create_and_delete_quest" time="0.249" /><testcase classname="backend.tests.test_cyberchill_api.TestQuests" name="test_complete_quest_awards_xp" time="0.090" /><testcase classname="backend.tests.test_cyberchill_api.TestQuests" name="test_double_complete_blocked" time="0.084" /><testcase classname="backend.tests.test_cyberchill_api.TestQuests" name="test_complete_unknown_quest" time="0.081" /><testcase classname="backend.tests.test_cyberchill_api.TestJournals" name="test_create_list_delete" time="0.173" /><testcase classname="backend.tests.test_cyberchill_api.TestJournals" name="test_journal_max_140_chars" time="0.040" /><testcase classname="backend.tests.test_cyberchill_api.TestLeaderboard" name="test_leaderboard_marks_me" time="0.041" /><testcase classname="backend.tests.test_cyberchill_api.TestMonetization" name="test_qris_payload" time="0.081" /><testcase classname="backend.tests.test_cyberchill_api.TestMonetization" name="test_pro_activate" time="0.312" /><testcase classname="backend.tests.test_cyberchill_api.TestMonetization" name="test_xp_boost_doubles_xp" time="0.430" /><testcase classname="backend.tests.test_grynd_social_auth.TestRebrand" name="test_root_service_is_grynd" time="0.120" /><testcase classname="backend.tests.test_grynd_social_auth.TestGoogleAuth" name="test_google_invalid_session_returns_401" time="0.670" /><testcase classname="backend.tests.test_grynd_social_auth.TestGoogleAuth" name="test_google_missing_session_id_returns_422" time="0.042" /><testcase classname="backend.tests.test_grynd_social_auth.TestGoogleAuth" name="test_google_too_short_session_id_returns_422" time="0.043" /><testcase classname="backend.tests.test_grynd_social_auth.TestAppleAuth" name="test_apple_success_creates_user" time="0.045" /><testcase classname="backend.tests.test_grynd_social_auth.TestAppleAuth" name="test_apple_second_call_reuses_user" time="0.043" /><testcase classname="backend.tests.test_grynd_social_auth.TestAppleAuth" name="test_apple_seeded_quests" time="0.083" /><testcase classname="backend.tests.test_grynd_social_auth.TestAppleAuth" name="test_apple_me_works_with_returned_token" time="0.043" /><testcase classname="backend.tests.test_grynd_social_auth.TestAppleAuth" name="test_apple_malformed_token_returns_401" time="0.049" /><testcase classname="backend.tests.test_grynd_social_auth.TestAppleAuth" name="test_apple_private_relay_synthesizes_email" time="0.045" /><testcase classname="backend.tests.test_grynd_social_auth.TestRegression" name="test_register_works" time="0.271" /><testcase classname="backend.tests.test_grynd_social_auth.TestRegression" name="test_login_works" time="0.267" /><testcase classname="backend.tests.test_grynd_social_auth.TestRegression" name="test_me_works" time="0.042" /><testcase classname="backend.tests.test_grynd_social_auth.TestRegression" name="test_quests_endpoint" time="0.042" /><testcase classname="backend.tests.test_grynd_social_auth.TestRegression" name="test_journals_endpoint" time="0.045" /><testcase classname="backend.tests.test_grynd_social_auth.TestRegression" name="test_leaderboard_endpoint" time="0.047" /><testcase classname="backend.tests.test_grynd_social_auth.TestRegression" name="test_monetization_qris" time="0.045" /></testsuite></testsuites>