<?xml version="1.0" encoding="utf-8"?><testsuites name="pytest tests"><testsuite name="pytest" errors="0" failures="0" skipped="0" tests="19" time="3.208" timestamp="2026-06-27T18:26:48.821250+00:00" hostname="agent-env-cb7b26ac-eb81-4a68-821a-e60b679fffa6"><testcase classname="backend.tests.test_grynd_api.TestHealth" name="test_root_returns_ok_and_grynd" time="0.288" /><testcase classname="backend.tests.test_grynd_api.TestAuth" name="test_register_returns_jwt_and_seeds_quests" time="0.344" /><testcase classname="backend.tests.test_grynd_api.TestAuth" name="test_login_with_seeded_account" time="0.269" /><testcase classname="backend.tests.test_grynd_api.TestAuth" name="test_login_invalid" time="0.043" /><testcase classname="backend.tests.test_grynd_api.TestAuth" name="test_me_with_token" time="0.051" /><testcase classname="backend.tests.test_grynd_api.TestAuth" name="test_me_without_token" time="0.049" /><testcase classname="backend.tests.test_grynd_api.TestAuth" name="test_patch_me_updates_username_and_avatar" time="0.103" /><testcase classname="backend.tests.test_grynd_api.TestQuests" name="test_list_starter_quests" time="0.048" /><testcase classname="backend.tests.test_grynd_api.TestQuests" name="test_create_quest_with_medium_and_other" time="0.091" /><testcase classname="backend.tests.test_grynd_api.TestQuests" name="test_complete_returns_xp_level_streak" time="0.156" /><testcase classname="backend.tests.test_grynd_api.TestQuests" name="test_complete_twice_same_day_returns_400" time="0.093" /><testcase classname="backend.tests.test_grynd_api.TestQuests" name="test_uncomplete_refunds_xp" time="0.455" /><testcase classname="backend.tests.test_grynd_api.TestQuests" name="test_delete_quest" time="0.144" /><testcase classname="backend.tests.test_grynd_api.TestJournals" name="test_create_list_delete" time="0.287" /><testcase classname="backend.tests.test_grynd_api.TestJournals" name="test_journal_max_140_chars" time="0.051" /><testcase classname="backend.tests.test_grynd_api.TestLeaderboard" name="test_leaderboard_top50_sorted_with_me" time="0.045" /><testcase classname="backend.tests.test_grynd_api.TestMonetization" name="test_xp_boost_sets_until_1h_ahead" time="0.047" /><testcase classname="backend.tests.test_grynd_api.TestMonetization" name="test_qris_returns_string_amount_merchant" time="0.045" /><testcase classname="backend.tests.test_grynd_api.TestMonetization" name="test_pro_activate_flips_is_pro" time="0.398" /></testsuite></testsuites>